<?xml version="1.0" encoding="UTF-8"?>
<!-- Generated by org.testng.reporters.JUnitXMLReporter -->
<testsuite ignored="25" hostname="AgBe" failures="2" tests="16" name="2W Tests" time="37.132" errors="0" timestamp="2025-07-21T21:03:03 IST">
  <testcase classname="com.tvs.pgm.twoW.mobile.tests.DashboardTest" name="verifyHelpText" time="0.107"/>
  <testcase classname="com.tvs.pgm.twoW.mobile.tests.DashboardTest" name="clickOnHelp" time="1.452"/>
  <testcase classname="com.tvs.pgm.twoW.mobile.tests.DashboardTest" name="verifyCreateOrRequestQueryText" time="0.306"/>
  <testcase classname="com.tvs.pgm.twoW.mobile.tests.DashboardTest" name="clickCreateOrRequestQuery" time="1.113"/>
  <testcase classname="com.tvs.pgm.twoW.mobile.tests.DashboardTest" name="verifyQueryTitleText" time="0.171">
    <failure type="java.lang.AssertionError" message="expected [Enter Here] but found [null]">
      <![CDATA[java.lang.AssertionError: expected [Enter Here] but found [null]
at com.tvs.pgm.twoW.mobile.tests.DashboardTest.verifyQueryTitleText(DashboardTest.java:208)
at java.base/java.util.ArrayList.forEach(ArrayList.java:1511)
... Removed 33 stack frames]]>
    </failure>
  </testcase> <!-- verifyQueryTitleText -->
  <testcase classname="com.tvs.pgm.twoW.mobile.tests.DashboardTest" name="clickAndEnterQueryTitle" time="1.38"/>
  <testcase classname="com.tvs.pgm.twoW.mobile.tests.DashboardTest" name="verifySelectCategoryText" time="0.769"/>
  <testcase classname="com.tvs.pgm.twoW.mobile.tests.DashboardTest" name="clickOnSelectCategory" time="0.258"/>
  <testcase classname="com.tvs.pgm.twoW.mobile.tests.DashboardTest" name="verifyChooseCategoryText" time="0.946"/>
  <testcase classname="com.tvs.pgm.twoW.mobile.tests.DashboardTest" name="clickChooseCategory" time="1.094"/>
  <testcase classname="com.tvs.pgm.twoW.mobile.tests.DashboardTest" name="verifyAddDescriptionText" time="0.15">
    <failure type="java.lang.AssertionError" message="expected [Enter Description Here] but found [null]">
      <![CDATA[java.lang.AssertionError: expected [Enter Description Here] but found [null]
at com.tvs.pgm.twoW.mobile.tests.DashboardTest.verifyAddDescriptionText(DashboardTest.java:241)
at java.base/java.util.ArrayList.forEach(ArrayList.java:1511)
... Removed 33 stack frames]]>
    </failure>
  </testcase> <!-- verifyAddDescriptionText -->
  <testcase classname="com.tvs.pgm.twoW.mobile.tests.DashboardTest" name="clickAndEnterAddDescription" time="3.087"/>
  <testcase classname="com.tvs.pgm.twoW.mobile.tests.DashboardTest" name="verifyCreateQueryText" time="0.706"/>
  <testcase classname="com.tvs.pgm.twoW.mobile.tests.DashboardTest" name="clickOnCreateQuery" time="2.251"/>
  <testcase classname="com.tvs.pgm.twoW.mobile.tests.DashboardTest" name="clickOnHelpQuery" time="0.674"/>
  <testcase classname="com.tvs.pgm.twoW.mobile.tests.DashboardTest" name="verifyAllQueryStatus" time="13.591"/>
  <testcase classname="com.tvs.pgm.twoW.mobile.tests.DashboardTest" name="clickOnMrmNumberOkText" time="0.0">
    <ignored/>
  </testcase> <!-- clickOnMrmNumberOkText -->
  <testcase classname="com.tvs.pgm.twoW.mobile.tests.DashboardTest" name="verifyRedeemText" time="0.0">
    <ignored/>
  </testcase> <!-- verifyRedeemText -->
  <testcase classname="com.tvs.pgm.twoW.mobile.tests.DashboardTest" name="clickFindParts" time="0.0">
    <ignored/>
  </testcase> <!-- clickFindParts -->
  <testcase classname="com.tvs.pgm.twoW.mobile.tests.DashboardTest" name="clickCancelOnWhatsAppBot" time="0.0">
    <ignored/>
  </testcase> <!-- clickCancelOnWhatsAppBot -->
  <testcase classname="com.tvs.pgm.twoW.mobile.tests.DashboardTest" name="verifyFindPartsText" time="0.0">
    <ignored/>
  </testcase> <!-- verifyFindPartsText -->
  <testcase classname="com.tvs.pgm.twoW.mobile.tests.DashboardTest" name="clickOtpField" time="0.0">
    <ignored/>
  </testcase> <!-- clickOtpField -->
  <testcase classname="com.tvs.pgm.twoW.mobile.tests.DashboardTest" name="verifyWhileUsingTheAppText" time="0.0">
    <ignored/>
  </testcase> <!-- verifyWhileUsingTheAppText -->
  <testcase classname="com.tvs.pgm.twoW.mobile.tests.DashboardTest" name="verifyScanForRewardsText" time="0.0">
    <ignored/>
  </testcase> <!-- verifyScanForRewardsText -->
  <testcase classname="com.tvs.pgm.twoW.mobile.tests.DashboardTest" name="verifyNotificationAccessText" time="0.0">
    <ignored/>
  </testcase> <!-- verifyNotificationAccessText -->
  <testcase classname="com.tvs.pgm.twoW.mobile.tests.DashboardTest" name="verifyUniqueMRNGeneration" time="0.0">
    <ignored/>
  </testcase> <!-- verifyUniqueMRNGeneration -->
  <testcase classname="com.tvs.pgm.twoW.mobile.tests.DashboardTest" name="clickRedeem" time="0.0">
    <ignored/>
  </testcase> <!-- clickRedeem -->
  <testcase classname="com.tvs.pgm.twoW.mobile.tests.DashboardTest" name="clickAllowButton" time="0.0">
    <ignored/>
  </testcase> <!-- clickAllowButton -->
  <testcase classname="com.tvs.pgm.twoW.mobile.tests.DashboardTest" name="verifyEnterAmountTextDisplayed" time="0.0">
    <ignored/>
  </testcase> <!-- verifyEnterAmountTextDisplayed -->
  <testcase classname="com.tvs.pgm.twoW.mobile.tests.DashboardTest" name="clickOnRedeemAmount" time="0.0">
    <ignored/>
  </testcase> <!-- clickOnRedeemAmount -->
  <testcase classname="com.tvs.pgm.twoW.mobile.tests.DashboardTest" name="verifyIsRedeemOtpScreenDisplayed" time="0.0">
    <ignored/>
  </testcase> <!-- verifyIsRedeemOtpScreenDisplayed -->
  <testcase classname="com.tvs.pgm.twoW.mobile.tests.DashboardTest" name="clickWhileUsingTheApp" time="0.0">
    <ignored/>
  </testcase> <!-- clickWhileUsingTheApp -->
  <testcase classname="com.tvs.pgm.twoW.mobile.tests.DashboardTest" name="clickOnOtpSubmitButton" time="0.0">
    <ignored/>
  </testcase> <!-- clickOnOtpSubmitButton -->
  <testcase classname="com.tvs.pgm.twoW.mobile.tests.DashboardTest" name="enterRedeemOtp" time="0.0">
    <ignored/>
  </testcase> <!-- enterRedeemOtp -->
  <testcase classname="com.tvs.pgm.twoW.mobile.tests.DashboardTest" name="verifyAllowButtonDisplayed" time="0.0">
    <ignored/>
  </testcase> <!-- verifyAllowButtonDisplayed -->
  <testcase classname="com.tvs.pgm.twoW.mobile.tests.DashboardTest" name="verifyRedeemAmountText" time="0.0">
    <ignored/>
  </testcase> <!-- verifyRedeemAmountText -->
  <testcase classname="com.tvs.pgm.twoW.mobile.tests.DashboardTest" name="clickOnRedeemAmountText" time="0.0">
    <ignored/>
  </testcase> <!-- clickOnRedeemAmountText -->
  <testcase classname="com.tvs.pgm.twoW.mobile.tests.DashboardTest" name="verifyCameraPermissionText" time="0.0">
    <ignored/>
  </testcase> <!-- verifyCameraPermissionText -->
  <testcase classname="com.tvs.pgm.twoW.mobile.tests.DashboardTest" name="verifyIsRedeemSubmitButtonEnable" time="0.0">
    <ignored/>
  </testcase> <!-- verifyIsRedeemSubmitButtonEnable -->
  <testcase classname="com.tvs.pgm.twoW.mobile.tests.DashboardTest" name="clickScanForRewardsButton" time="0.0">
    <ignored/>
  </testcase> <!-- clickScanForRewardsButton -->
  <testcase classname="com.tvs.pgm.twoW.mobile.tests.DashboardTest" name="clickAndEnterAmountRedeem" time="0.0">
    <ignored/>
  </testcase> <!-- clickAndEnterAmountRedeem -->
</testsuite> <!-- 2W Tests -->
