<?xml version="1.0" encoding="UTF-8"?>
<!-- Generated by org.testng.reporters.JUnitXMLReporter -->
<testsuite ignored="2" hostname="AgBe" failures="2" tests="38" name="QueryGroupTests" time="62.718" errors="0" timestamp="2025-07-18T13:27:13 IST">
  <testcase classname="com.tvs.pgm.twoW.mobile.tests.LoginTest" name="verifyLocationPermissionPopup" time="0.257"/>
  <testcase classname="com.tvs.pgm.twoW.mobile.tests.LoginTest" name="verifyLocationPermissionOptionText" time="0.048"/>
  <testcase classname="com.tvs.pgm.twoW.mobile.tests.LoginTest" name="allowLocationPermission" time="0.104"/>
  <testcase classname="com.tvs.pgm.twoW.mobile.tests.LoginTest" name="verifyMobileNumberFieldDisplayed" time="0.338"/>
  <testcase classname="com.tvs.pgm.twoW.mobile.tests.LoginTest" name="verifyInvalidMobileNumberBlocked" time="2.083"/>
  <testcase classname="com.tvs.pgm.twoW.mobile.tests.LoginTest" name="enterValidMobileNumber" time="1.891"/>
  <testcase classname="com.tvs.pgm.twoW.mobile.tests.LoginTest" name="clickVerifyNumberButton" time="0.281"/>
  <testcase classname="com.tvs.pgm.twoW.mobile.tests.LoginTest" name="verifyOtpScreenDisplayed" time="1.757"/>
  <testcase classname="com.tvs.pgm.twoW.mobile.tests.LoginTest" name="clickOtpField" time="2.297"/>
  <testcase classname="com.tvs.pgm.twoW.mobile.tests.LoginTest" name="enterOtp" time="0.77"/>
  <testcase classname="com.tvs.pgm.twoW.mobile.tests.DashboardTest" name="verifyNotificationAccessText" time="0.091"/>
  <testcase classname="com.tvs.pgm.twoW.mobile.tests.DashboardTest" name="verifyAllowButtonDisplayed" time="0.063"/>
  <testcase classname="com.tvs.pgm.twoW.mobile.tests.DashboardTest" name="clickAllowButton" time="0.101"/>
  <testcase classname="com.tvs.pgm.twoW.mobile.tests.DashboardTest" name="verifyScanForRewardsText" time="0.092"/>
  <testcase classname="com.tvs.pgm.twoW.mobile.tests.DashboardTest" name="clickScanForRewardsButton" time="0.127"/>
  <testcase classname="com.tvs.pgm.twoW.mobile.tests.DashboardTest" name="verifyCameraPermissionText" time="0.189"/>
  <testcase classname="com.tvs.pgm.twoW.mobile.tests.DashboardTest" name="verifyWhileUsingTheAppText" time="0.059"/>
  <testcase classname="com.tvs.pgm.twoW.mobile.tests.DashboardTest" name="clickWhileUsingTheApp" time="0.213"/>
  <testcase classname="com.tvs.pgm.twoW.mobile.tests.DashboardTest" name="verifyRedeemText" time="0.088"/>
  <testcase classname="com.tvs.pgm.twoW.mobile.tests.DashboardTest" name="clickRedeem" time="0.238"/>
  <testcase classname="com.tvs.pgm.twoW.mobile.tests.DashboardTest" name="clickBackArrowOnRedeem" time="2.411"/>
  <testcase classname="com.tvs.pgm.twoW.mobile.tests.DashboardTest" name="verifyFindPartsText" time="0.137"/>
  <testcase classname="com.tvs.pgm.twoW.mobile.tests.DashboardTest" name="clickFindParts" time="0.252"/>
  <testcase classname="com.tvs.pgm.twoW.mobile.tests.DashboardTest" name="clickCancelOnWhatsAppBot" time="0.31"/>
  <testcase classname="com.tvs.pgm.twoW.mobile.tests.DashboardTest" name="verifygetHelpText" time="0.538"/>
  <testcase classname="com.tvs.pgm.twoW.mobile.tests.DashboardTest" name="clickOnHelp" time="0.204"/>
  <testcase classname="com.tvs.pgm.twoW.mobile.tests.DashboardTest" name="verifyCreateOrRequestQueryText" time="0.959"/>
  <testcase classname="com.tvs.pgm.twoW.mobile.tests.DashboardTest" name="clickCreateOrRequestQuery" time="1.06"/>
  <testcase classname="com.tvs.pgm.twoW.mobile.tests.DashboardTest" name="verifyQueryTitleText" time="0.199">
    <failure type="java.lang.AssertionError" message="expected [Enter Here] but found [null]">
      <![CDATA[java.lang.AssertionError: expected [Enter Here] but found [null]
at com.tvs.pgm.twoW.mobile.tests.DashboardTest.verifyQueryTitleText(DashboardTest.java:134)
at java.base/java.util.ArrayList.forEach(ArrayList.java:1511)
... Removed 33 stack frames]]>
    </failure>
  </testcase> <!-- verifyQueryTitleText -->
  <testcase classname="com.tvs.pgm.twoW.mobile.tests.DashboardTest" name="clickAndEnterQueryTitle" time="1.386"/>
  <testcase classname="com.tvs.pgm.twoW.mobile.tests.DashboardTest" name="verifySelectCategoryText" time="0.968"/>
  <testcase classname="com.tvs.pgm.twoW.mobile.tests.DashboardTest" name="clickOnSelectCategory" time="0.232"/>
  <testcase classname="com.tvs.pgm.twoW.mobile.tests.DashboardTest" name="verifyChooseCategoryText" time="0.486"/>
  <testcase classname="com.tvs.pgm.twoW.mobile.tests.DashboardTest" name="clickChooseCategory" time="1.026"/>
  <testcase classname="com.tvs.pgm.twoW.mobile.tests.DashboardTest" name="verifyAddDescriptionText" time="0.15">
    <failure type="java.lang.AssertionError" message="expected [Enter Description Here] but found [null]">
      <![CDATA[java.lang.AssertionError: expected [Enter Description Here] but found [null]
at com.tvs.pgm.twoW.mobile.tests.DashboardTest.verifyAddDescriptionText(DashboardTest.java:167)
at java.base/java.util.ArrayList.forEach(ArrayList.java:1511)
... Removed 33 stack frames]]>
    </failure>
  </testcase> <!-- verifyAddDescriptionText -->
  <testcase classname="com.tvs.pgm.twoW.mobile.tests.DashboardTest" name="clickAndEnterAddDescription" time="3.436"/>
  <testcase classname="com.tvs.pgm.twoW.mobile.tests.DashboardTest" name="verifyCreateQueryText" time="0.183"/>
  <testcase classname="com.tvs.pgm.twoW.mobile.tests.DashboardTest" name="clickOnCreateQuery" time="0.771"/>
  <testcase classname="com.tvs.pgm.twoW.mobile.tests.BaseTest" name="@BeforeSuite setupSuite" time="0.0">
    <ignored/>
  </testcase> <!-- @BeforeSuite setupSuite -->
  <testcase classname="com.tvs.pgm.twoW.mobile.tests.BaseTest" name="@AfterSuite tearDownSuite" time="0.0">
    <ignored/>
  </testcase> <!-- @AfterSuite tearDownSuite -->
</testsuite> <!-- QueryGroupTests -->
