<?xml version="1.0" encoding="UTF-8"?>
<testng-results ignored="25" total="41" passed="14" failed="2" skipped="0">
  <reporter-output>
  </reporter-output>
  <suite started-at="2025-07-21T21:02:26 IST" name="2WAppTestSuite" finished-at="2025-07-21T21:03:03 IST" duration-ms="37132">
    <groups>
      <group name="Query">
        <method signature="DashboardTest.verifyHelpText()[pri:26, instance:com.tvs.pgm.twoW.mobile.tests.DashboardTest@66498326]" name="verifyHelpText" class="com.tvs.pgm.twoW.mobile.tests.DashboardTest"/>
        <method signature="DashboardTest.clickOnHelp()[pri:27, instance:com.tvs.pgm.twoW.mobile.tests.DashboardTest@66498326]" name="clickOnHelp" class="com.tvs.pgm.twoW.mobile.tests.DashboardTest"/>
        <method signature="DashboardTest.verifyCreateOrRequestQueryText()[pri:28, instance:com.tvs.pgm.twoW.mobile.tests.DashboardTest@66498326]" name="verifyCreateOrRequestQueryText" class="com.tvs.pgm.twoW.mobile.tests.DashboardTest"/>
        <method signature="DashboardTest.clickCreateOrRequestQuery()[pri:29, instance:com.tvs.pgm.twoW.mobile.tests.DashboardTest@66498326]" name="clickCreateOrRequestQuery" class="com.tvs.pgm.twoW.mobile.tests.DashboardTest"/>
        <method signature="DashboardTest.verifyQueryTitleText()[pri:30, instance:com.tvs.pgm.twoW.mobile.tests.DashboardTest@66498326]" name="verifyQueryTitleText" class="com.tvs.pgm.twoW.mobile.tests.DashboardTest"/>
        <method signature="DashboardTest.clickAndEnterQueryTitle()[pri:31, instance:com.tvs.pgm.twoW.mobile.tests.DashboardTest@66498326]" name="clickAndEnterQueryTitle" class="com.tvs.pgm.twoW.mobile.tests.DashboardTest"/>
        <method signature="DashboardTest.verifySelectCategoryText()[pri:32, instance:com.tvs.pgm.twoW.mobile.tests.DashboardTest@66498326]" name="verifySelectCategoryText" class="com.tvs.pgm.twoW.mobile.tests.DashboardTest"/>
        <method signature="DashboardTest.clickOnSelectCategory()[pri:33, instance:com.tvs.pgm.twoW.mobile.tests.DashboardTest@66498326]" name="clickOnSelectCategory" class="com.tvs.pgm.twoW.mobile.tests.DashboardTest"/>
        <method signature="DashboardTest.verifyChooseCategoryText()[pri:34, instance:com.tvs.pgm.twoW.mobile.tests.DashboardTest@66498326]" name="verifyChooseCategoryText" class="com.tvs.pgm.twoW.mobile.tests.DashboardTest"/>
        <method signature="DashboardTest.clickChooseCategory()[pri:35, instance:com.tvs.pgm.twoW.mobile.tests.DashboardTest@66498326]" name="clickChooseCategory" class="com.tvs.pgm.twoW.mobile.tests.DashboardTest"/>
        <method signature="DashboardTest.verifyAddDescriptionText()[pri:36, instance:com.tvs.pgm.twoW.mobile.tests.DashboardTest@66498326]" name="verifyAddDescriptionText" class="com.tvs.pgm.twoW.mobile.tests.DashboardTest"/>
        <method signature="DashboardTest.clickAndEnterAddDescription()[pri:37, instance:com.tvs.pgm.twoW.mobile.tests.DashboardTest@66498326]" name="clickAndEnterAddDescription" class="com.tvs.pgm.twoW.mobile.tests.DashboardTest"/>
        <method signature="DashboardTest.verifyCreateQueryText()[pri:38, instance:com.tvs.pgm.twoW.mobile.tests.DashboardTest@66498326]" name="verifyCreateQueryText" class="com.tvs.pgm.twoW.mobile.tests.DashboardTest"/>
        <method signature="DashboardTest.clickOnCreateQuery()[pri:39, instance:com.tvs.pgm.twoW.mobile.tests.DashboardTest@66498326]" name="clickOnCreateQuery" class="com.tvs.pgm.twoW.mobile.tests.DashboardTest"/>
        <method signature="DashboardTest.clickOnHelpQuery()[pri:40, instance:com.tvs.pgm.twoW.mobile.tests.DashboardTest@66498326]" name="clickOnHelpQuery" class="com.tvs.pgm.twoW.mobile.tests.DashboardTest"/>
        <method signature="DashboardTest.verifyAllQueryStatus()[pri:41, instance:com.tvs.pgm.twoW.mobile.tests.DashboardTest@66498326]" name="verifyAllQueryStatus" class="com.tvs.pgm.twoW.mobile.tests.DashboardTest"/>
      </group> <!-- Query -->
    </groups>
    <test started-at="2025-07-21T21:02:26 IST" name="2W Tests" finished-at="2025-07-21T21:03:03 IST" duration-ms="37132">
      <class name="com.tvs.pgm.twoW.mobile.tests.DashboardTest">
        <test-method is-config="true" signature="classSetup()[pri:0, instance:com.tvs.pgm.twoW.mobile.tests.DashboardTest@66498326]" started-at="2025-07-21T21:02:26 IST" name="classSetup" finished-at="2025-07-21T21:02:35 IST" duration-ms="8689" status="PASS">
          <reporter-output>
          </reporter-output>
        </test-method> <!-- classSetup -->
        <test-method signature="verifyHelpText()[pri:26, instance:com.tvs.pgm.twoW.mobile.tests.DashboardTest@66498326]" started-at="2025-07-21T21:02:35 IST" name="verifyHelpText" finished-at="2025-07-21T21:02:35 IST" duration-ms="107" status="PASS">
          <reporter-output>
          </reporter-output>
        </test-method> <!-- verifyHelpText -->
        <test-method signature="clickOnHelp()[pri:27, instance:com.tvs.pgm.twoW.mobile.tests.DashboardTest@66498326]" started-at="2025-07-21T21:02:35 IST" name="clickOnHelp" finished-at="2025-07-21T21:02:36 IST" duration-ms="1452" status="PASS">
          <reporter-output>
          </reporter-output>
        </test-method> <!-- clickOnHelp -->
        <test-method signature="verifyCreateOrRequestQueryText()[pri:28, instance:com.tvs.pgm.twoW.mobile.tests.DashboardTest@66498326]" started-at="2025-07-21T21:02:36 IST" name="verifyCreateOrRequestQueryText" finished-at="2025-07-21T21:02:37 IST" duration-ms="306" status="PASS">
          <reporter-output>
          </reporter-output>
        </test-method> <!-- verifyCreateOrRequestQueryText -->
        <test-method signature="clickCreateOrRequestQuery()[pri:29, instance:com.tvs.pgm.twoW.mobile.tests.DashboardTest@66498326]" started-at="2025-07-21T21:02:37 IST" name="clickCreateOrRequestQuery" finished-at="2025-07-21T21:02:38 IST" duration-ms="1113" status="PASS">
          <reporter-output>
          </reporter-output>
        </test-method> <!-- clickCreateOrRequestQuery -->
        <test-method signature="verifyQueryTitleText()[pri:30, instance:com.tvs.pgm.twoW.mobile.tests.DashboardTest@66498326]" started-at="2025-07-21T21:02:38 IST" name="verifyQueryTitleText" finished-at="2025-07-21T21:02:38 IST" duration-ms="171" status="FAIL">
          <exception class="java.lang.AssertionError">
            <message>
              <![CDATA[expected [Enter Here] but found [null]]]>
            </message>
            <full-stacktrace>
              <![CDATA[java.lang.AssertionError: expected [Enter Here] but found [null]
at org.testng.Assert.fail(Assert.java:111)
at org.testng.Assert.failNotEquals(Assert.java:1590)
at org.testng.Assert.assertEqualsImpl(Assert.java:150)
at org.testng.Assert.assertEquals(Assert.java:132)
at org.testng.Assert.assertEquals(Assert.java:656)
at org.testng.Assert.assertEquals(Assert.java:666)
at com.tvs.pgm.twoW.mobile.tests.DashboardTest.verifyQueryTitleText(DashboardTest.java:208)
at java.base/jdk.internal.reflect.NativeMethodAccessorImpl.invoke0(Native Method)
at java.base/jdk.internal.reflect.NativeMethodAccessorImpl.invoke(NativeMethodAccessorImpl.java:77)
at java.base/jdk.internal.reflect.DelegatingMethodAccessorImpl.invoke(DelegatingMethodAccessorImpl.java:43)
at java.base/java.lang.reflect.Method.invoke(Method.java:568)
at org.testng.internal.invokers.MethodInvocationHelper.invokeMethod(MethodInvocationHelper.java:141)
at org.testng.internal.invokers.TestInvoker.invokeMethod(TestInvoker.java:687)
at org.testng.internal.invokers.TestInvoker.invokeTestMethod(TestInvoker.java:230)
at org.testng.internal.invokers.MethodRunner.runInSequence(MethodRunner.java:63)
at org.testng.internal.invokers.TestInvoker$MethodInvocationAgent.invoke(TestInvoker.java:995)
at org.testng.internal.invokers.TestInvoker.invokeTestMethods(TestInvoker.java:203)
at org.testng.internal.invokers.TestMethodWorker.invokeTestMethods(TestMethodWorker.java:154)
at org.testng.internal.invokers.TestMethodWorker.run(TestMethodWorker.java:134)
at java.base/java.util.ArrayList.forEach(ArrayList.java:1511)
at org.testng.TestRunner.privateRun(TestRunner.java:741)
at org.testng.TestRunner.run(TestRunner.java:616)
at org.testng.SuiteRunner.runTest(SuiteRunner.java:421)
at org.testng.SuiteRunner.runSequentially(SuiteRunner.java:413)
at org.testng.SuiteRunner.privateRun(SuiteRunner.java:373)
at org.testng.SuiteRunner.run(SuiteRunner.java:312)
at org.testng.SuiteRunnerWorker.runSuite(SuiteRunnerWorker.java:52)
at org.testng.SuiteRunnerWorker.run(SuiteRunnerWorker.java:95)
at org.testng.TestNG.runSuitesSequentially(TestNG.java:1274)
at org.testng.TestNG.runSuitesLocally(TestNG.java:1208)
at org.testng.TestNG.runSuites(TestNG.java:1112)
at org.testng.TestNG.run(TestNG.java:1079)
at org.testng.remote.AbstractRemoteTestNG.run(AbstractRemoteTestNG.java:115)
at org.testng.remote.RemoteTestNG.initAndRun(RemoteTestNG.java:293)
at org.testng.remote.RemoteTestNG.main(RemoteTestNG.java:91)
]]>
            </full-stacktrace>
          </exception> <!-- java.lang.AssertionError -->
          <reporter-output>
          </reporter-output>
        </test-method> <!-- verifyQueryTitleText -->
        <test-method signature="clickAndEnterQueryTitle()[pri:31, instance:com.tvs.pgm.twoW.mobile.tests.DashboardTest@66498326]" started-at="2025-07-21T21:02:38 IST" name="clickAndEnterQueryTitle" finished-at="2025-07-21T21:02:39 IST" duration-ms="1380" status="PASS">
          <reporter-output>
          </reporter-output>
        </test-method> <!-- clickAndEnterQueryTitle -->
        <test-method signature="verifySelectCategoryText()[pri:32, instance:com.tvs.pgm.twoW.mobile.tests.DashboardTest@66498326]" started-at="2025-07-21T21:02:39 IST" name="verifySelectCategoryText" finished-at="2025-07-21T21:02:40 IST" duration-ms="769" status="PASS">
          <reporter-output>
          </reporter-output>
        </test-method> <!-- verifySelectCategoryText -->
        <test-method signature="clickOnSelectCategory()[pri:33, instance:com.tvs.pgm.twoW.mobile.tests.DashboardTest@66498326]" started-at="2025-07-21T21:02:40 IST" name="clickOnSelectCategory" finished-at="2025-07-21T21:02:40 IST" duration-ms="258" status="PASS">
          <reporter-output>
          </reporter-output>
        </test-method> <!-- clickOnSelectCategory -->
        <test-method signature="verifyChooseCategoryText()[pri:34, instance:com.tvs.pgm.twoW.mobile.tests.DashboardTest@66498326]" started-at="2025-07-21T21:02:40 IST" name="verifyChooseCategoryText" finished-at="2025-07-21T21:02:41 IST" duration-ms="946" status="PASS">
          <reporter-output>
          </reporter-output>
        </test-method> <!-- verifyChooseCategoryText -->
        <test-method signature="clickChooseCategory()[pri:35, instance:com.tvs.pgm.twoW.mobile.tests.DashboardTest@66498326]" started-at="2025-07-21T21:02:41 IST" name="clickChooseCategory" finished-at="2025-07-21T21:02:42 IST" duration-ms="1094" status="PASS">
          <reporter-output>
          </reporter-output>
        </test-method> <!-- clickChooseCategory -->
        <test-method signature="verifyAddDescriptionText()[pri:36, instance:com.tvs.pgm.twoW.mobile.tests.DashboardTest@66498326]" started-at="2025-07-21T21:02:42 IST" name="verifyAddDescriptionText" finished-at="2025-07-21T21:02:43 IST" duration-ms="150" status="FAIL">
          <exception class="java.lang.AssertionError">
            <message>
              <![CDATA[expected [Enter Description Here] but found [null]]]>
            </message>
            <full-stacktrace>
              <![CDATA[java.lang.AssertionError: expected [Enter Description Here] but found [null]
at org.testng.Assert.fail(Assert.java:111)
at org.testng.Assert.failNotEquals(Assert.java:1590)
at org.testng.Assert.assertEqualsImpl(Assert.java:150)
at org.testng.Assert.assertEquals(Assert.java:132)
at org.testng.Assert.assertEquals(Assert.java:656)
at org.testng.Assert.assertEquals(Assert.java:666)
at com.tvs.pgm.twoW.mobile.tests.DashboardTest.verifyAddDescriptionText(DashboardTest.java:241)
at java.base/jdk.internal.reflect.NativeMethodAccessorImpl.invoke0(Native Method)
at java.base/jdk.internal.reflect.NativeMethodAccessorImpl.invoke(NativeMethodAccessorImpl.java:77)
at java.base/jdk.internal.reflect.DelegatingMethodAccessorImpl.invoke(DelegatingMethodAccessorImpl.java:43)
at java.base/java.lang.reflect.Method.invoke(Method.java:568)
at org.testng.internal.invokers.MethodInvocationHelper.invokeMethod(MethodInvocationHelper.java:141)
at org.testng.internal.invokers.TestInvoker.invokeMethod(TestInvoker.java:687)
at org.testng.internal.invokers.TestInvoker.invokeTestMethod(TestInvoker.java:230)
at org.testng.internal.invokers.MethodRunner.runInSequence(MethodRunner.java:63)
at org.testng.internal.invokers.TestInvoker$MethodInvocationAgent.invoke(TestInvoker.java:995)
at org.testng.internal.invokers.TestInvoker.invokeTestMethods(TestInvoker.java:203)
at org.testng.internal.invokers.TestMethodWorker.invokeTestMethods(TestMethodWorker.java:154)
at org.testng.internal.invokers.TestMethodWorker.run(TestMethodWorker.java:134)
at java.base/java.util.ArrayList.forEach(ArrayList.java:1511)
at org.testng.TestRunner.privateRun(TestRunner.java:741)
at org.testng.TestRunner.run(TestRunner.java:616)
at org.testng.SuiteRunner.runTest(SuiteRunner.java:421)
at org.testng.SuiteRunner.runSequentially(SuiteRunner.java:413)
at org.testng.SuiteRunner.privateRun(SuiteRunner.java:373)
at org.testng.SuiteRunner.run(SuiteRunner.java:312)
at org.testng.SuiteRunnerWorker.runSuite(SuiteRunnerWorker.java:52)
at org.testng.SuiteRunnerWorker.run(SuiteRunnerWorker.java:95)
at org.testng.TestNG.runSuitesSequentially(TestNG.java:1274)
at org.testng.TestNG.runSuitesLocally(TestNG.java:1208)
at org.testng.TestNG.runSuites(TestNG.java:1112)
at org.testng.TestNG.run(TestNG.java:1079)
at org.testng.remote.AbstractRemoteTestNG.run(AbstractRemoteTestNG.java:115)
at org.testng.remote.RemoteTestNG.initAndRun(RemoteTestNG.java:293)
at org.testng.remote.RemoteTestNG.main(RemoteTestNG.java:91)
]]>
            </full-stacktrace>
          </exception> <!-- java.lang.AssertionError -->
          <reporter-output>
          </reporter-output>
        </test-method> <!-- verifyAddDescriptionText -->
        <test-method signature="clickAndEnterAddDescription()[pri:37, instance:com.tvs.pgm.twoW.mobile.tests.DashboardTest@66498326]" started-at="2025-07-21T21:02:43 IST" name="clickAndEnterAddDescription" finished-at="2025-07-21T21:02:46 IST" duration-ms="3087" status="PASS">
          <reporter-output>
          </reporter-output>
        </test-method> <!-- clickAndEnterAddDescription -->
        <test-method signature="verifyCreateQueryText()[pri:38, instance:com.tvs.pgm.twoW.mobile.tests.DashboardTest@66498326]" started-at="2025-07-21T21:02:46 IST" name="verifyCreateQueryText" finished-at="2025-07-21T21:02:46 IST" duration-ms="706" status="PASS">
          <reporter-output>
          </reporter-output>
        </test-method> <!-- verifyCreateQueryText -->
        <test-method signature="clickOnCreateQuery()[pri:39, instance:com.tvs.pgm.twoW.mobile.tests.DashboardTest@66498326]" started-at="2025-07-21T21:02:46 IST" name="clickOnCreateQuery" finished-at="2025-07-21T21:02:49 IST" duration-ms="2251" status="PASS">
          <reporter-output>
          </reporter-output>
        </test-method> <!-- clickOnCreateQuery -->
        <test-method signature="clickOnHelpQuery()[pri:40, instance:com.tvs.pgm.twoW.mobile.tests.DashboardTest@66498326]" started-at="2025-07-21T21:02:49 IST" name="clickOnHelpQuery" finished-at="2025-07-21T21:02:49 IST" duration-ms="674" status="PASS">
          <reporter-output>
          </reporter-output>
        </test-method> <!-- clickOnHelpQuery -->
        <test-method signature="verifyAllQueryStatus()[pri:41, instance:com.tvs.pgm.twoW.mobile.tests.DashboardTest@66498326]" started-at="2025-07-21T21:02:49 IST" name="verifyAllQueryStatus" finished-at="2025-07-21T21:03:03 IST" duration-ms="13591" status="PASS">
          <reporter-output>
          </reporter-output>
        </test-method> <!-- verifyAllQueryStatus -->
        <test-method is-config="true" signature="tearDown()[pri:0, instance:com.tvs.pgm.twoW.mobile.tests.DashboardTest@66498326]" started-at="2025-07-21T21:03:03 IST" name="tearDown" finished-at="2025-07-21T21:03:03 IST" duration-ms="276" status="PASS">
          <reporter-output>
          </reporter-output>
        </test-method> <!-- tearDown -->
      </class> <!-- com.tvs.pgm.twoW.mobile.tests.DashboardTest -->
    </test> <!-- 2W Tests -->
  </suite> <!-- 2WAppTestSuite -->
</testng-results>
