<?xml version="1.0" encoding="UTF-8"?>
<!-- Generated by org.testng.reporters.JUnitXMLReporter -->
<testsuite ignored="2" hostname="AgBe" failures="3" tests="52" name="2W Tests" time="90.22" errors="0" timestamp="2025-07-31T15:46:50 IST">
  <testcase classname="com.tvs.pgm.twoW.mobile.tests.LoginTest" name="verifyLocationPermissionPopupDisplayed" time="0.089"/>
  <testcase classname="com.tvs.pgm.twoW.mobile.tests.LoginTest" name="verifyLocationPermissionText" time="0.039"/>
  <testcase classname="com.tvs.pgm.twoW.mobile.tests.LoginTest" name="allowLocationPermission" time="0.178"/>
  <testcase classname="com.tvs.pgm.twoW.mobile.tests.LoginTest" name="verifyEnterMobileNumberFieldDisplayed" time="0.331"/>
  <testcase classname="com.tvs.pgm.twoW.mobile.tests.LoginTest" name="verifyInvalidMobileNumberBlocked" time="2.223"/>
  <testcase classname="com.tvs.pgm.twoW.mobile.tests.LoginTest" name="enterValidMobileNumber" time="2.075"/>
  <testcase classname="com.tvs.pgm.twoW.mobile.tests.LoginTest" name="clickVerifyNumberButton" time="0.32"/>
  <testcase classname="com.tvs.pgm.twoW.mobile.tests.LoginTest" name="verifyOtpScreenDisplayed" time="1.769"/>
  <testcase classname="com.tvs.pgm.twoW.mobile.tests.LoginTest" name="clickOtpField" time="0.389"/>
  <testcase classname="com.tvs.pgm.twoW.mobile.tests.LoginTest" name="enterOtp" time="1.812"/>
  <testcase classname="com.tvs.pgm.twoW.mobile.tests.DashboardTest" name="verifyNotificationAccessText" time="0.086"/>
  <testcase classname="com.tvs.pgm.twoW.mobile.tests.DashboardTest" name="verifyAllowButtonDisplayed" time="0.093"/>
  <testcase classname="com.tvs.pgm.twoW.mobile.tests.DashboardTest" name="clickAllowButton" time="0.145"/>
  <testcase classname="com.tvs.pgm.twoW.mobile.tests.DashboardTest" name="verifyScanForRewardsText" time="0.081"/>
  <testcase classname="com.tvs.pgm.twoW.mobile.tests.DashboardTest" name="clickScanForRewardsButton" time="0.12"/>
  <testcase classname="com.tvs.pgm.twoW.mobile.tests.DashboardTest" name="verifyCameraPermissionText" time="0.154"/>
  <testcase classname="com.tvs.pgm.twoW.mobile.tests.DashboardTest" name="verifyWhileUsingTheAppText" time="0.062"/>
  <testcase classname="com.tvs.pgm.twoW.mobile.tests.DashboardTest" name="clickWhileUsingTheApp" time="0.26"/>
  <testcase classname="com.tvs.pgm.twoW.mobile.tests.DashboardTest" name="verifyRedeemText" time="0.065"/>
  <testcase classname="com.tvs.pgm.twoW.mobile.tests.DashboardTest" name="clickRedeem" time="0.236"/>
  <testcase classname="com.tvs.pgm.twoW.mobile.tests.DashboardTest" name="verifyEnterAmountTextDisplayed" time="0.933">
    <failure type="java.lang.AssertionError" message="❌ &amp;apos;Enter Amount&amp;apos; hint text is null. expected object to not be null">
      <![CDATA[java.lang.AssertionError: ❌ 'Enter Amount' hint text is null. expected object to not be null
at com.tvs.pgm.twoW.mobile.tests.DashboardTest.verifyEnterAmountTextDisplayed(DashboardTest.java:120)
at java.base/java.util.ArrayList.forEach(ArrayList.java:1511)
... Removed 29 stack frames]]>
    </failure>
  </testcase> <!-- verifyEnterAmountTextDisplayed -->
  <testcase classname="com.tvs.pgm.twoW.mobile.tests.DashboardTest" name="clickAndEnterAmountRedeem" time="3.241"/>
  <testcase classname="com.tvs.pgm.twoW.mobile.tests.DashboardTest" name="verifyRedeemAmountText" time="0.291"/>
  <testcase classname="com.tvs.pgm.twoW.mobile.tests.DashboardTest" name="getRedeemAmountTextAgain" time="0.166"/>
  <testcase classname="com.tvs.pgm.twoW.mobile.tests.DashboardTest" name="clickOnRedeemAmount" time="2.325"/>
  <testcase classname="com.tvs.pgm.twoW.mobile.tests.DashboardTest" name="verifyIsRedeemOtpScreenDisplayed" time="0.596"/>
  <testcase classname="com.tvs.pgm.twoW.mobile.tests.DashboardTest" name="clickOtpField" time="1.521"/>
  <testcase classname="com.tvs.pgm.twoW.mobile.tests.DashboardTest" name="enterRedeemOtp" time="0.92"/>
  <testcase classname="com.tvs.pgm.twoW.mobile.tests.DashboardTest" name="verifyIsRedeemSubmitButtonEnable" time="0.537"/>
  <testcase classname="com.tvs.pgm.twoW.mobile.tests.DashboardTest" name="clickOnOtpSubmitButton" time="1.054"/>
  <testcase classname="com.tvs.pgm.twoW.mobile.tests.DashboardTest" name="verifyUniqueMRNGeneration" time="0.002"/>
  <testcase classname="com.tvs.pgm.twoW.mobile.tests.DashboardTest" name="clickOnMrmNumberOkText" time="1.034"/>
  <testcase classname="com.tvs.pgm.twoW.mobile.tests.DashboardTest" name="verifyFindPartsText" time="0.15"/>
  <testcase classname="com.tvs.pgm.twoW.mobile.tests.DashboardTest" name="clickFindParts" time="1.232"/>
  <testcase classname="com.tvs.pgm.twoW.mobile.tests.DashboardTest" name="clickCancelOnWhatsAppBot" time="0.31"/>
  <testcase classname="com.tvs.pgm.twoW.mobile.tests.DashboardTest" name="verifyHelpText" time="0.433"/>
  <testcase classname="com.tvs.pgm.twoW.mobile.tests.DashboardTest" name="clickOnHelp" time="0.205"/>
  <testcase classname="com.tvs.pgm.twoW.mobile.tests.DashboardTest" name="verifyCreateOrRequestQueryText" time="0.606"/>
  <testcase classname="com.tvs.pgm.twoW.mobile.tests.DashboardTest" name="clickCreateOrRequestQuery" time="1.083"/>
  <testcase classname="com.tvs.pgm.twoW.mobile.tests.DashboardTest" name="verifyQueryTitleText" time="0.165">
    <failure type="java.lang.AssertionError" message="❌ Query title placeholder is incorrect expected [Enter Here] but found [null]">
      <![CDATA[java.lang.AssertionError: ❌ Query title placeholder is incorrect expected [Enter Here] but found [null]
at com.tvs.pgm.twoW.mobile.tests.DashboardTest.verifyQueryTitleText(DashboardTest.java:254)
at java.base/java.util.ArrayList.forEach(ArrayList.java:1511)
... Removed 32 stack frames]]>
    </failure>
  </testcase> <!-- verifyQueryTitleText -->
  <testcase classname="com.tvs.pgm.twoW.mobile.tests.DashboardTest" name="clickAndEnterQueryTitle" time="1.476"/>
  <testcase classname="com.tvs.pgm.twoW.mobile.tests.DashboardTest" name="verifySelectCategoryText" time="0.283"/>
  <testcase classname="com.tvs.pgm.twoW.mobile.tests.DashboardTest" name="clickOnSelectCategory" time="0.204"/>
  <testcase classname="com.tvs.pgm.twoW.mobile.tests.DashboardTest" name="verifyChooseCategoryText" time="0.435"/>
  <testcase classname="com.tvs.pgm.twoW.mobile.tests.DashboardTest" name="clickChooseCategory" time="1.01"/>
  <testcase classname="com.tvs.pgm.twoW.mobile.tests.DashboardTest" name="verifyAddDescriptionText" time="0.145">
    <failure type="java.lang.AssertionError" message="❌ Description placeholder text is incorrect expected [Enter Description Here] but found [null]">
      <![CDATA[java.lang.AssertionError: ❌ Description placeholder text is incorrect expected [Enter Description Here] but found [null]
at com.tvs.pgm.twoW.mobile.tests.DashboardTest.verifyAddDescriptionText(DashboardTest.java:289)
at java.base/java.util.ArrayList.forEach(ArrayList.java:1511)
... Removed 32 stack frames]]>
    </failure>
  </testcase> <!-- verifyAddDescriptionText -->
  <testcase classname="com.tvs.pgm.twoW.mobile.tests.DashboardTest" name="clickAndEnterAddDescription" time="3.027"/>
  <testcase classname="com.tvs.pgm.twoW.mobile.tests.DashboardTest" name="verifyCreateQueryText" time="0.214"/>
  <testcase classname="com.tvs.pgm.twoW.mobile.tests.DashboardTest" name="clickOnCreateQuery" time="0.227"/>
  <testcase classname="com.tvs.pgm.twoW.mobile.tests.DashboardTest" name="clickOnHelpQuery" time="2.473"/>
  <testcase classname="com.tvs.pgm.twoW.mobile.tests.DashboardTest" name="verifyAllQueryStatus" time="5.944"/>
  <testcase classname="com.tvs.pgm.twoW.mobile.tests.DashboardTest" name="clickBackToDashboard" time="1.184"/>
  <testcase classname="com.tvs.pgm.twoW.mobile.tests.BaseTest" name="@BeforeSuite setupSuite" time="0.0">
    <ignored/>
  </testcase> <!-- @BeforeSuite setupSuite -->
  <testcase classname="com.tvs.pgm.twoW.mobile.tests.BaseTest" name="@AfterSuite tearDownSuite" time="0.0">
    <ignored/>
  </testcase> <!-- @AfterSuite tearDownSuite -->
</testsuite> <!-- 2W Tests -->
